<?xml version="1.0" encoding="UTF-8"?>
<!-- Generated by org.testng.reporters.JUnitXMLReporter -->
<testsuite hostname="DESKTOP-ATOQJFI" ignored="3" name="Test" tests="3" failures="3" timestamp="2020-09-25T03:58:37 PDT" time="26.558" errors="0">
  <testcase name="@BeforeTest invokeBrowser" time="26.096" classname="com.atmecs.blazedemo.baseclass.BaseClass">
    <failure type="org.openqa.selenium.WebDriverException" message="Timed out waiting for driver server to start.
Build info: version: &amp;apos;3.141.59&amp;apos;, revision: &amp;apos;e82be7d358&amp;apos;, time: &amp;apos;2018-11-14T08:17:03&amp;apos;
System info: host: &amp;apos;DESKTOP-ATOQJFI&amp;apos;, ip: &amp;apos;192.168.43.118&amp;apos;, os.name: &amp;apos;Windows 10&amp;apos;, os.arch: &amp;apos;amd64&amp;apos;, os.version: &amp;apos;10.0&amp;apos;, java.version: &amp;apos;1.8.0_265&amp;apos;
Driver info: driver.version: ChromeDriver">
      <![CDATA[org.openqa.selenium.WebDriverException: Timed out waiting for driver server to start.
Build info: version: '3.141.59', revision: 'e82be7d358', time: '2018-11-14T08:17:03'
System info: host: 'DESKTOP-ATOQJFI', ip: '192.168.43.118', os.name: 'Windows 10', os.arch: 'amd64', os.version: '10.0', java.version: '1.8.0_265'
Driver info: driver.version: ChromeDriver
at org.openqa.selenium.remote.service.DriverService.waitUntilAvailable(DriverService.java:202)
at org.openqa.selenium.remote.service.DriverService.start(DriverService.java:188)
at org.openqa.selenium.remote.service.DriverCommandExecutor.execute(DriverCommandExecutor.java:79)
at org.openqa.selenium.remote.RemoteWebDriver.execute(RemoteWebDriver.java:552)
at org.openqa.selenium.remote.RemoteWebDriver.startSession(RemoteWebDriver.java:213)
at org.openqa.selenium.remote.RemoteWebDriver.<init>(RemoteWebDriver.java:131)
at org.openqa.selenium.chrome.ChromeDriver.<init>(ChromeDriver.java:181)
at org.openqa.selenium.chrome.ChromeDriver.<init>(ChromeDriver.java:168)
at org.openqa.selenium.chrome.ChromeDriver.<init>(ChromeDriver.java:123)
at com.atmecs.blazedemo.baseclass.BaseClass.invokeBrowser(BaseClass.java:21)
Caused by: org.openqa.selenium.net.UrlChecker$TimeoutException: Timed out waiting for [http://localhost:32753/status] to be available after 20091 ms
at org.openqa.selenium.net.UrlChecker.waitUntilAvailable(UrlChecker.java:100)
at org.openqa.selenium.remote.service.DriverService.waitUntilAvailable(DriverService.java:197)
... 33 more
Caused by: java.util.concurrent.TimeoutException
at java.util.concurrent.FutureTask.get(FutureTask.java:205)
at com.google.common.util.concurrent.SimpleTimeLimiter.callWithTimeout(SimpleTimeLimiter.java:156)
at org.openqa.selenium.net.UrlChecker.waitUntilAvailable(UrlChecker.java:75)
... 34 more
... Removed 24 stack frames]]>
    </failure>
  </testcase> <!-- @BeforeTest invokeBrowser -->
  <testcase name="signup" time="0.0" classname="com.atmecs.blazedemo.testscript.SignupTest">
    <failure type="org.testng.TestNGException" message="
Method public void com.atmecs.blazedemo.testscript.SignupTest.signup(java.lang.String,java.lang.String) throws java.lang.Exception requires a @DataProvider named : userdata">
      <![CDATA[org.testng.TestNGException: 
Method public void com.atmecs.blazedemo.testscript.SignupTest.signup(java.lang.String,java.lang.String) throws java.lang.Exception requires a @DataProvider named : userdata
at java.util.ArrayList.forEach(ArrayList.java:1259)
... Removed 24 stack frames]]>
    </failure>
  </testcase> <!-- signup -->
  <testcase name="LoginDetails" time="0.0" classname="com.atmecs.blazedemo.testscript.LoginTest">
    <failure type="org.testng.TestNGException" message="
Method public void com.atmecs.blazedemo.testscript.LoginTest.LoginDetails(java.lang.String,java.lang.String) throws java.lang.Exception requires a @DataProvider named : userdata">
      <![CDATA[org.testng.TestNGException: 
Method public void com.atmecs.blazedemo.testscript.LoginTest.LoginDetails(java.lang.String,java.lang.String) throws java.lang.Exception requires a @DataProvider named : userdata
at java.util.ArrayList.forEach(ArrayList.java:1259)
... Removed 24 stack frames]]>
    </failure>
  </testcase> <!-- LoginDetails -->
  <testcase name="contactTest" time="0.0" classname="com.atmecs.blazedemo.testscript.ContactdetailsTest">
    <failure type="org.testng.TestNGException" message="
Method public void com.atmecs.blazedemo.testscript.ContactdetailsTest.contactTest(java.lang.String,java.lang.String,java.lang.String) throws java.lang.Exception requires a @DataProvider named : userdata">
      <![CDATA[org.testng.TestNGException: 
Method public void com.atmecs.blazedemo.testscript.ContactdetailsTest.contactTest(java.lang.String,java.lang.String,java.lang.String) throws java.lang.Exception requires a @DataProvider named : userdata
at java.util.ArrayList.forEach(ArrayList.java:1259)
... Removed 24 stack frames]]>
    </failure>
  </testcase> <!-- contactTest -->
  <testcase name="@BeforeTest invokeBrowser" time="0.0" classname="com.atmecs.blazedemo.baseclass.BaseClass">
    <ignored/>
  </testcase> <!-- @BeforeTest invokeBrowser -->
  <testcase name="@BeforeTest invokeBrowser" time="0.0" classname="com.atmecs.blazedemo.baseclass.BaseClass">
    <ignored/>
  </testcase> <!-- @BeforeTest invokeBrowser -->
  <testcase name="@BeforeTest invokeBrowser" time="0.0" classname="com.atmecs.blazedemo.baseclass.BaseClass">
    <ignored/>
  </testcase> <!-- @BeforeTest invokeBrowser -->
</testsuite> <!-- Test -->
